\BOOKMARK [1][-]{section.1}{\376\377\000.\000\040\000I\000n\000t\000r\000o\000d\000u\000c\000t\000i\000o\000n}{}% 1
\BOOKMARK [1][-]{section.2}{\376\377\000.\000\040\000R\000e\000l\000a\000t\000e\000d\000\040\000w\000o\000r\000k}{}% 2
\BOOKMARK [1][-]{section.3}{\376\377\000.\000\040\000M\000e\000t\000h\000o\000d\000s}{}% 3
\BOOKMARK [2][-]{subsection.3.1}{\376\377\000.\000\040\000M\000o\000d\000e\000l\000\040\000c\000o\000n\000s\000t\000r\000u\000c\000t\000i\000o\000n}{section.3}% 4
\BOOKMARK [3][-]{subsubsection.3.1.1}{\376\377\000B\000a\000s\000e\000l\000i\000n\000e\000\040\000m\000o\000d\000e\000l\000s}{subsection.3.1}% 5
\BOOKMARK [3][-]{subsubsection.3.1.2}{\376\377\000T\000r\000a\000n\000s\000f\000e\000r\000\040\000l\000e\000a\000r\000n\000i\000n\000g\000\040\000m\000o\000d\000e\000l\000s}{subsection.3.1}% 6
\BOOKMARK [2][-]{subsection.3.2}{\376\377\000.\000\040\000M\000o\000d\000e\000l\000\040\000t\000r\000a\000i\000n\000i\000n\000g}{section.3}% 7
\BOOKMARK [1][-]{section.4}{\376\377\000.\000\040\000D\000a\000t\000a\000s\000e\000t\000\040\000a\000n\000d\000\040\000f\000e\000a\000t\000u\000r\000e\000s}{}% 8
\BOOKMARK [2][-]{subsection.4.1}{\376\377\000.\000\040\000I\000m\000a\000g\000e\000\040\000s\000c\000r\000a\000p\000i\000n\000g}{section.4}% 9
\BOOKMARK [2][-]{subsection.4.2}{\376\377\000.\000\040\000D\000a\000t\000a\000s\000e\000t\000\040\000a\000u\000g\000m\000e\000n\000t\000a\000t\000i\000o\000n}{section.4}% 10
\BOOKMARK [2][-]{subsection.4.3}{\376\377\000.\000\040\000I\000m\000a\000g\000e\000\040\000c\000r\000o\000p\000p\000i\000n\000g\000,\000\040\000s\000c\000a\000l\000i\000n\000g\000,\000\040\000a\000n\000d\000\040}{section.4}% 11
\BOOKMARK [2][-]{subsection.4.4}{\376\377\000.\000\040\000D\000a\000t\000a\000s\000e\000t\000\040\000f\000i\000l\000t\000e\000r\000i\000n\000g}{section.4}% 12
\BOOKMARK [1][-]{section.5}{\376\377\000.\000\040\000R\000e\000s\000u\000l\000t\000s\000\040\000a\000n\000d\000\040\000d\000i\000s\000c\000u\000s\000s\000i\000o\000n}{}% 13
\BOOKMARK [2][-]{subsection.5.1}{\376\377\000.\000\040\000T\000r\000a\000i\000n\000i\000n\000g\000\040\000r\000e\000s\000u\000l\000t\000s\000\040\000a\000n\000d\000\040\000m\000o\000d\000e\000l\000\040\000s\000e\000l\000e\000c\000t\000i\000o\000n}{section.5}% 14
\BOOKMARK [2][-]{subsection.5.2}{\376\377\000.\000\040\000F\000i\000n\000a\000l\000\040\000m\000o\000d\000e\000l\000\040\000e\000v\000a\000l\000u\000a\000t\000i\000o\000n}{section.5}% 15
\BOOKMARK [3][-]{subsubsection.5.2.1}{\376\377\000E\000v\000a\000l\000u\000a\000t\000i\000o\000n\000\040\000m\000e\000t\000r\000i\000c\000s}{subsection.5.2}% 16
\BOOKMARK [3][-]{subsubsection.5.2.2}{\376\377\000E\000v\000a\000l\000u\000a\000t\000i\000o\000n\000\040\000r\000e\000s\000u\000l\000t\000s}{subsection.5.2}% 17
\BOOKMARK [1][-]{section.6}{\376\377\000.\000\040\000C\000o\000n\000c\000l\000u\000s\000i\000o\000n\000\040\000a\000n\000d\000\040\000f\000u\000t\000u\000r\000e\000\040\000w\000o\000r\000k}{}% 18
\BOOKMARK [1][-]{section.7}{\376\377\000.\000\040\000A\000p\000p\000e\000n\000d\000i\000c\000e\000s}{}% 19
\BOOKMARK [1][-]{section.8}{\376\377\000.\000\040\000C\000o\000n\000t\000r\000i\000b\000u\000t\000i\000o\000n\000s\000\040\000a\000n\000d\000\040\000a\000c\000k\000n\000o\000w\000l\000e\000d\000g\000e\000m\000e\000n\000t\000s}{}% 20
\BOOKMARK [1][-]{section.9}{\376\377\000.\000\040\000R\000e\000f\000e\000r\000e\000n\000c\000e\000s}{}% 21
